[2021-05-15 20:36:57] [31merror[39m: uncaughtException: await is only valid in async function
C:\Users\colin\Documents\GitHub\podscratch\src\banker\buyBanker.js:60
        const buyOrderData = await exchange.createMarketBuyOrder(config.COIN_CURRENCY, amount)
                             ^^^^^

SyntaxError: await is only valid in async function
    at wrapSafe (internal/modules/cjs/loader.js:979:16)
    at Module._compile (internal/modules/cjs/loader.js:1027:27)
    at Object.Module._extensions..js (internal/modules/cjs/loader.js:1092:10)
    at Module.load (internal/modules/cjs/loader.js:928:32)
    at Function.Module._load (internal/modules/cjs/loader.js:769:14)
    at Module.require (internal/modules/cjs/loader.js:952:19)
    at require (internal/modules/cjs/helpers.js:88:18)
    at Object.<anonymous> (C:\Users\colin\Documents\GitHub\podscratch\src\index.js:6:19)
    at Module._compile (internal/modules/cjs/loader.js:1063:30)
    at Object.Module._extensions..js (internal/modules/cjs/loader.js:1092:10)
[2021-05-15 20:38:21] [31merror[39m: uncaughtException: ENOENT: no such file or directory, open './storage/db/db.json'
Error: ENOENT: no such file or directory, open './storage/db/db.json'
    at Object.openSync (fs.js:476:3)
    at writeFileSync (fs.js:1467:35)
    at FileSync.read (C:\Users\colin\Documents\GitHub\podscratch\node_modules\lowdb\adapters\FileSync.js:46:9)
    at LodashWrapper.db.read (C:\Users\colin\Documents\GitHub\podscratch\node_modules\lowdb\lib\main.js:32:21)
    at module.exports (C:\Users\colin\Documents\GitHub\podscratch\node_modules\lowdb\lib\main.js:51:13)
    at Object.<anonymous> (C:\Users\colin\Documents\GitHub\podscratch\src\banker\buyBanker.js:9:12)
    at Module._compile (internal/modules/cjs/loader.js:1063:30)
    at Object.Module._extensions..js (internal/modules/cjs/loader.js:1092:10)
    at Module.load (internal/modules/cjs/loader.js:928:32)
    at Function.Module._load (internal/modules/cjs/loader.js:769:14)
[2021-05-15 20:38:42] [31merror[39m: uncaughtException: await is only valid in async function
C:\Users\colin\Documents\GitHub\podscratch\src\banker\sellBanker.js:56
        const sellOrderData = await exchange.createMarketSellOrder(config.COIN_CURRENCY, order.amount)
                              ^^^^^

SyntaxError: await is only valid in async function
    at wrapSafe (internal/modules/cjs/loader.js:979:16)
    at Module._compile (internal/modules/cjs/loader.js:1027:27)
    at Object.Module._extensions..js (internal/modules/cjs/loader.js:1092:10)
    at Module.load (internal/modules/cjs/loader.js:928:32)
    at Function.Module._load (internal/modules/cjs/loader.js:769:14)
    at Module.require (internal/modules/cjs/loader.js:952:19)
    at require (internal/modules/cjs/helpers.js:88:18)
    at Object.<anonymous> (C:\Users\colin\Documents\GitHub\podscratch\src\index.js:7:20)
    at Module._compile (internal/modules/cjs/loader.js:1063:30)
    at Object.Module._extensions..js (internal/modules/cjs/loader.js:1092:10)
[2021-05-15 20:38:50] [31merror[39m: uncaughtException: ENOENT: no such file or directory, open '../storage/db/db.json'
Error: ENOENT: no such file or directory, open '../storage/db/db.json'
    at Object.openSync (fs.js:476:3)
    at writeFileSync (fs.js:1467:35)
    at FileSync.read (C:\Users\colin\Documents\GitHub\podscratch\node_modules\lowdb\adapters\FileSync.js:46:9)
    at LodashWrapper.db.read (C:\Users\colin\Documents\GitHub\podscratch\node_modules\lowdb\lib\main.js:32:21)
    at module.exports (C:\Users\colin\Documents\GitHub\podscratch\node_modules\lowdb\lib\main.js:51:13)
    at Object.<anonymous> (C:\Users\colin\Documents\GitHub\podscratch\src\index.js:13:12)
    at Module._compile (internal/modules/cjs/loader.js:1063:30)
    at Object.Module._extensions..js (internal/modules/cjs/loader.js:1092:10)
    at Module.load (internal/modules/cjs/loader.js:928:32)
    at Function.Module._load (internal/modules/cjs/loader.js:769:14)
[2021-05-15 20:39:02] [32minfo[39m: 
  __  __                          ____       _       _            
 |  \/  | ___  _ __   ___ _   _  |  _ \ _ __(_)_ __ | |_ ___ _ __ 
 | |\/| |/ _ \| '_ \ / _ \ | | | | |_) | '__| | '_ \| __/ _ \ '__|
 | |  | | (_) | | | |  __/ |_| | |  __/| |  | | | | | ||  __/ |   
 |_|  |_|\___/|_| |_|\___|\__, | |_|   |_|  |_|_| |_|\__\___|_|   
                          |___/                                   
[2021-05-15 20:39:02] [32minfo[39m: version 1.0.0
[2021-05-15 20:39:05] [32minfo[39m: api online
[2021-05-15 20:39:06] [32minfo[39m: 
> money in da bank  100.128395096041 €
> money available   100.128395096041 €
> coins in da bank  0 BTC
> coins available   0 BTC
----------
> orders            2
> open orders       0
> closed orders     0
> canceled orders   0
[2021-05-15 20:39:06] [32minfo[39m: update interval: 10000ms
[2021-05-15 20:39:19] [32minfo[39m: sell banker done duration: 2ms
[2021-05-15 20:39:19] [31merror[39m: Cannot read property 'BUY' of undefined
[2021-05-15 20:39:19] [32minfo[39m: update - av: 100.13 € t: 100.13 € - av_coin: 0 BTC t_coin: 0 BTC - BTC/EUR 39568.12 € -  duration: 2210ms
[2021-05-15 20:41:10] [32minfo[39m: 
  __  __                          ____       _       _            
 |  \/  | ___  _ __   ___ _   _  |  _ \ _ __(_)_ __ | |_ ___ _ __ 
 | |\/| |/ _ \| '_ \ / _ \ | | | | |_) | '__| | '_ \| __/ _ \ '__|
 | |  | | (_) | | | |  __/ |_| | |  __/| |  | | | | | ||  __/ |   
 |_|  |_|\___/|_| |_|\___|\__, | |_|   |_|  |_|_| |_|\__\___|_|   
                          |___/                                   
[2021-05-15 20:41:10] [32minfo[39m: version 1.0.0
[2021-05-15 20:41:14] [32minfo[39m: api online
[2021-05-15 20:41:15] [32minfo[39m: 
> money in da bank  100.128395096041 €
> money available   100.128395096041 €
> coins in da bank  0 BTC
> coins available   0 BTC
----------
> orders            2
> open orders       0
> closed orders     0
> canceled orders   0
[2021-05-15 20:41:15] [32minfo[39m: update interval: 10000ms
[2021-05-15 20:41:23] [32minfo[39m: 
  __  __                          ____       _       _            
 |  \/  | ___  _ __   ___ _   _  |  _ \ _ __(_)_ __ | |_ ___ _ __ 
 | |\/| |/ _ \| '_ \ / _ \ | | | | |_) | '__| | '_ \| __/ _ \ '__|
 | |  | | (_) | | | |  __/ |_| | |  __/| |  | | | | | ||  __/ |   
 |_|  |_|\___/|_| |_|\___|\__, | |_|   |_|  |_|_| |_|\__\___|_|   
                          |___/                                   
[2021-05-15 20:41:23] [32minfo[39m: version 1.0.0
[2021-05-15 20:41:26] [32minfo[39m: api online
[2021-05-15 20:41:28] [32minfo[39m: 
> money in da bank  100.128395096041 €
> money available   100.128395096041 €
> coins in da bank  0 BTC
> coins available   0 BTC
----------
> orders            2
> open orders       0
> closed orders     0
> canceled orders   0
[2021-05-15 20:41:28] [32minfo[39m: update interval: 10000ms
[2021-05-15 20:41:40] [32minfo[39m: sell banker done duration: 3ms
[2021-05-15 20:41:40] [31merror[39m: Cannot read property 'BANKER' of undefined
[2021-05-15 20:41:40] [32minfo[39m: update - av: 100.13 € t: 100.13 € - av_coin: 0 BTC t_coin: 0 BTC - BTC/EUR 39533.72 € -  duration: 2199ms
[2021-05-15 20:42:39] [32minfo[39m: 
  __  __                          ____       _       _            
 |  \/  | ___  _ __   ___ _   _  |  _ \ _ __(_)_ __ | |_ ___ _ __ 
 | |\/| |/ _ \| '_ \ / _ \ | | | | |_) | '__| | '_ \| __/ _ \ '__|
 | |  | | (_) | | | |  __/ |_| | |  __/| |  | | | | | ||  __/ |   
 |_|  |_|\___/|_| |_|\___|\__, | |_|   |_|  |_|_| |_|\__\___|_|   
                          |___/                                   
[2021-05-15 20:42:39] [32minfo[39m: version 1.0.0
[2021-05-15 20:42:42] [32minfo[39m: api online
[2021-05-15 20:42:44] [32minfo[39m: 
> money in da bank  100.128395096041 €
> money available   100.128395096041 €
> coins in da bank  0 BTC
> coins available   0 BTC
----------
> orders            2
> open orders       0
> closed orders     0
> canceled orders   0
[2021-05-15 20:42:44] [32minfo[39m: update interval: 10000ms
[2021-05-15 20:43:04] [32minfo[39m: sell banker done duration: 2ms
[2021-05-15 20:43:04] [32minfo[39m: buy signal: not enough data
[2021-05-15 20:43:04] [32minfo[39m: buy banker done duration: 1ms
[2021-05-15 20:43:04] [32minfo[39m: update - av: 100.13 € t: 100.13 € - av_coin: 0 BTC t_coin: 0 BTC - BTC/EUR 39458.98 € -  duration: 10308ms
[2021-05-15 20:43:06] [32minfo[39m: sell banker done duration: 2ms
[2021-05-15 20:43:06] [32minfo[39m: buy signal: not enough data
[2021-05-15 20:43:06] [32minfo[39m: buy banker done duration: 1ms
[2021-05-15 20:43:06] [32minfo[39m: update - av: 100.13 € t: 100.13 € - av_coin: 0 BTC t_coin: 0 BTC - BTC/EUR 39451.33 € -  duration: 2383ms
[2021-05-15 20:43:16] [32minfo[39m: sell banker done duration: 1ms
[2021-05-15 20:43:16] [32minfo[39m: buy signal: not enough data
[2021-05-15 20:43:16] [32minfo[39m: buy banker done duration: 1ms
[2021-05-15 20:43:16] [32minfo[39m: update - av: 100.13 € t: 100.13 € - av_coin: 0 BTC t_coin: 0 BTC - BTC/EUR 39422.55 € -  duration: 2440ms
[2021-05-15 20:43:26] [32minfo[39m: sell banker done duration: 1ms
[2021-05-15 20:43:26] [32minfo[39m: buy signal: not enough data
[2021-05-15 20:43:26] [32minfo[39m: buy banker done duration: 2ms
[2021-05-15 20:43:26] [32minfo[39m: update - av: 100.13 € t: 100.13 € - av_coin: 0 BTC t_coin: 0 BTC - BTC/EUR 39414.58 € -  duration: 2316ms
[2021-05-15 20:43:36] [32minfo[39m: sell banker done duration: 2ms
[2021-05-15 20:43:36] [32minfo[39m: buy signal: not enough data
[2021-05-15 20:43:36] [32minfo[39m: buy banker done duration: 1ms
[2021-05-15 20:43:36] [32minfo[39m: update - av: 100.13 € t: 100.13 € - av_coin: 0 BTC t_coin: 0 BTC - BTC/EUR 39414.14 € -  duration: 2191ms
[2021-05-15 20:43:45] [32minfo[39m: socket for visualization connected
[2021-05-15 20:43:46] [32minfo[39m: sell banker done duration: 1ms
[2021-05-15 20:43:46] [32minfo[39m: buy signal: state low triggered
[2021-05-15 20:43:46] [32minfo[39m: fallend seit 5 ticks, change: -0.0015%
[2021-05-15 20:43:46] [32minfo[39m: buy banker done duration: 2ms
[2021-05-15 20:43:46] [31merror[39m: buySignal is not defined
[2021-05-15 20:43:46] [32minfo[39m: update - av: 100.13 € t: 100.13 € - av_coin: 0 BTC t_coin: 0 BTC - BTC/EUR 39399.96 € -  duration: 2214ms
[2021-05-15 20:43:50] [32minfo[39m: socket for visualization connected
[2021-05-15 20:43:56] [32minfo[39m: sell banker done duration: 1ms
[2021-05-15 20:43:56] [32minfo[39m: buy signal: state low triggered
[2021-05-15 20:43:56] [32minfo[39m: fallend seit 5 ticks, change: -0.0015%
[2021-05-15 20:43:56] [32minfo[39m: buy banker done duration: 2ms
[2021-05-15 20:43:56] [31merror[39m: buySignal is not defined
[2021-05-15 20:43:56] [32minfo[39m: update - av: 100.13 € t: 100.13 € - av_coin: 0 BTC t_coin: 0 BTC - BTC/EUR 39393.07 € -  duration: 2195ms
[2021-05-15 21:19:07] [32minfo[39m: 
  __  __                          ____       _       _            
 |  \/  | ___  _ __   ___ _   _  |  _ \ _ __(_)_ __ | |_ ___ _ __ 
 | |\/| |/ _ \| '_ \ / _ \ | | | | |_) | '__| | '_ \| __/ _ \ '__|
 | |  | | (_) | | | |  __/ |_| | |  __/| |  | | | | | ||  __/ |   
 |_|  |_|\___/|_| |_|\___|\__, | |_|   |_|  |_|_| |_|\__\___|_|   
                          |___/                                   
[2021-05-15 21:19:07] [32minfo[39m: version 1.0.0
[2021-05-15 21:19:09] [32minfo[39m: ✅ api online
[2021-05-15 21:19:09] [32minfo[39m: socket for visualization connected
[2021-05-15 21:19:10] [32minfo[39m: ✅ money for trading available (100.128395096041 €)
[2021-05-15 21:19:11] [32minfo[39m: ----- exchange data -----
[2021-05-15 21:19:11] [32minfo[39m: 
> money total      100.13 €
> money available  100.13 €
> coins total      0 BTC
> coins available  0 BTC
----------
> orders           2
> open orders      0
> closed orders    0
> canceled orders  0
[2021-05-15 21:19:11] [32minfo[39m: update interval: 10000ms
[2021-05-15 21:19:23] [32minfo[39m: sell banker done duration: 1ms
[2021-05-15 21:19:23] [32minfo[39m: buy signal: not enough data
[2021-05-15 21:19:23] [32minfo[39m: buy banker done duration: 1ms
[2021-05-15 21:22:52] [32minfo[39m: 
  __  __                          ____       _       _            
 |  \/  | ___  _ __   ___ _   _  |  _ \ _ __(_)_ __ | |_ ___ _ __ 
 | |\/| |/ _ \| '_ \ / _ \ | | | | |_) | '__| | '_ \| __/ _ \ '__|
 | |  | | (_) | | | |  __/ |_| | |  __/| |  | | | | | ||  __/ |   
 |_|  |_|\___/|_| |_|\___|\__, | |_|   |_|  |_|_| |_|\__\___|_|   
                          |___/                                   
[2021-05-15 21:22:52] [32minfo[39m: version 1.0.0
[2021-05-15 21:22:52] [32minfo[39m: socket for visualization connected
[2021-05-15 21:22:54] [32minfo[39m: ✅ api online
[2021-05-15 21:22:55] [32minfo[39m: ✅ money for trading available (100.128395096041 €)
[2021-05-15 21:22:56] [32minfo[39m: ----- exchange data -----
[2021-05-15 21:22:56] [32minfo[39m: 
> money total      100.13 €
> money available  100.13 €
> coins total      0 BTC
> coins available  0 BTC
----------
> orders           2
> open orders      0
> closed orders    0
> canceled orders  0
[2021-05-15 21:22:56] [32minfo[39m: update interval: 10000ms
[2021-05-15 21:23:07] [32minfo[39m: sell banker done duration: 2ms
[2021-05-15 21:23:07] [32minfo[39m: buy signal: not enough data
[2021-05-15 21:23:07] [32minfo[39m: buy banker done duration: 2ms
[2021-05-15 21:23:07] [32minfo[39m: update - freeMoney: 100.13 € totalMoney: 100.13 € - freeCoin: 0 BTC totalCoin: 0 BTC - BTC/EUR 38842.66 € duration: 1195ms
[2021-05-15 21:23:18] [32minfo[39m: sell banker done duration: 1ms
[2021-05-15 21:23:18] [32minfo[39m: buy signal: not enough data
[2021-05-15 21:23:18] [32minfo[39m: buy banker done duration: 1ms
[2021-05-15 21:23:18] [32minfo[39m: update - freeMoney: 100.13 € totalMoney: 100.13 € - freeCoin: 0 BTC totalCoin: 0 BTC - BTC/EUR 38852.43 € duration: 1226ms
[2021-05-15 21:23:27] [32minfo[39m: sell banker done duration: 1ms
[2021-05-15 21:23:27] [32minfo[39m: buy signal: not enough data
[2021-05-15 21:23:27] [32minfo[39m: buy banker done duration: 1ms
[2021-05-15 21:23:27] [32minfo[39m: update - freeMoney: 100.13 € totalMoney: 100.13 € - freeCoin: 0 BTC totalCoin: 0 BTC - BTC/EUR 38801.58 € duration: 1187ms
[2021-05-15 21:23:38] [32minfo[39m: sell banker done duration: 1ms
[2021-05-15 21:23:38] [32minfo[39m: buy signal: not enough data
[2021-05-15 21:23:38] [32minfo[39m: buy banker done duration: 1ms
[2021-05-15 21:23:38] [32minfo[39m: update - freeMoney: 100.13 € totalMoney: 100.13 € - freeCoin: 0 BTC totalCoin: 0 BTC - BTC/EUR 38849.83 € duration: 1228ms
[2021-05-15 21:23:40] [32minfo[39m: socket for visualization connected
[2021-05-15 21:23:48] [32minfo[39m: sell banker done duration: 2ms
[2021-05-15 21:23:48] [32minfo[39m: buy signal: not enough data
[2021-05-15 21:23:48] [32minfo[39m: buy banker done duration: 1ms
[2021-05-15 21:23:48] [32minfo[39m: update - freeMoney: 100.13 € totalMoney: 100.13 € - freeCoin: 0 BTC totalCoin: 0 BTC - BTC/EUR 38859.32 € duration: 1177ms
[2021-05-15 21:34:15] [32minfo[39m: 
  __  __                          ____       _       _            
 |  \/  | ___  _ __   ___ _   _  |  _ \ _ __(_)_ __ | |_ ___ _ __ 
 | |\/| |/ _ \| '_ \ / _ \ | | | | |_) | '__| | '_ \| __/ _ \ '__|
 | |  | | (_) | | | |  __/ |_| | |  __/| |  | | | | | ||  __/ |   
 |_|  |_|\___/|_| |_|\___|\__, | |_|   |_|  |_|_| |_|\__\___|_|   
                          |___/                                   
[2021-05-15 21:34:15] [32minfo[39m: version 1.0.0
[2021-05-15 21:34:17] [32minfo[39m: ✅ api online
[2021-05-15 21:34:18] [32minfo[39m: socket for visualization connected
[2021-05-15 21:34:19] [32minfo[39m: ✅ money for trading available (100.128395096041 €)
[2021-05-15 21:34:20] [32minfo[39m: ----- exchange data -----
[2021-05-15 21:34:20] [32minfo[39m: 
> money total      100.13 €
> money available  100.13 €
> coins total      0 BTC
> coins available  0 BTC
----------
> orders           2
> open orders      0
> closed orders    0
> canceled orders  0
[2021-05-15 21:34:20] [32minfo[39m: update interval: 10000ms
[2021-05-15 21:34:31] [32minfo[39m: sell banker done duration: 1ms
[2021-05-15 21:34:31] [32minfo[39m: buy signal: not enough data
[2021-05-15 21:34:31] [32minfo[39m: buy banker done duration: 1ms
[2021-05-15 21:34:31] [32minfo[39m: update - freeMoney: 100.13 € totalMoney: 100.13 € - freeCoin: 0 BTC totalCoin: 0 BTC - BTC/EUR 38821.17 € duration: 1196ms
[2021-05-15 21:34:34] [32minfo[39m: socket for visualization connected
[2021-05-15 21:34:41] [32minfo[39m: sell banker done duration: 2ms
[2021-05-15 21:34:41] [32minfo[39m: buy signal: not enough data
[2021-05-15 21:34:41] [32minfo[39m: buy banker done duration: 1ms
[2021-05-15 21:34:41] [32minfo[39m: update - freeMoney: 100.13 € totalMoney: 100.13 € - freeCoin: 0 BTC totalCoin: 0 BTC - BTC/EUR 38844.24 € duration: 1210ms
[2021-05-15 21:34:51] [32minfo[39m: sell banker done duration: 1ms
[2021-05-15 21:34:51] [32minfo[39m: buy signal: not enough data
[2021-05-15 21:34:51] [32minfo[39m: buy banker done duration: 1ms
[2021-05-15 21:34:51] [32minfo[39m: update - freeMoney: 100.13 € totalMoney: 100.13 € - freeCoin: 0 BTC totalCoin: 0 BTC - BTC/EUR 38896.9 € duration: 1198ms
[2021-05-15 21:35:00] [32minfo[39m: socket for visualization connected
[2021-05-15 21:35:01] [32minfo[39m: sell banker done duration: 1ms
[2021-05-15 21:35:01] [32minfo[39m: buy signal: not enough data
[2021-05-15 21:35:01] [32minfo[39m: buy banker done duration: 1ms
[2021-05-15 21:35:01] [32minfo[39m: update - freeMoney: 100.13 € totalMoney: 100.13 € - freeCoin: 0 BTC totalCoin: 0 BTC - BTC/EUR 38877.45 € duration: 1207ms
[2021-05-15 21:35:03] [32minfo[39m: socket for visualization connected
[2021-05-15 21:35:11] [32minfo[39m: sell banker done duration: 1ms
[2021-05-15 21:35:11] [32minfo[39m: buy signal: not enough data
[2021-05-15 21:35:11] [32minfo[39m: buy banker done duration: 1ms
[2021-05-15 21:35:11] [32minfo[39m: update - freeMoney: 100.13 € totalMoney: 100.13 € - freeCoin: 0 BTC totalCoin: 0 BTC - BTC/EUR 38892.42 € duration: 1225ms
[2021-05-15 21:35:21] [32minfo[39m: sell banker done duration: 1ms
[2021-05-15 21:35:21] [32minfo[39m: steigend seit 3 ticks, change: 0.0027%
[2021-05-15 21:35:21] [32minfo[39m: buy banker done duration: 2ms
[2021-05-15 21:35:21] [32minfo[39m: update - freeMoney: 100.13 € totalMoney: 100.13 € - freeCoin: 0 BTC totalCoin: 0 BTC - BTC/EUR 38981.16 € duration: 1260ms
[2021-05-15 21:35:31] [32minfo[39m: sell banker done duration: 1ms
[2021-05-15 21:35:31] [32minfo[39m: steigend seit 4 ticks, change: 0.0029%
[2021-05-15 21:35:31] [32minfo[39m: buy banker done duration: 1ms
[2021-05-15 21:35:31] [32minfo[39m: update - freeMoney: 100.13 € totalMoney: 100.13 € - freeCoin: 0 BTC totalCoin: 0 BTC - BTC/EUR 38992.12 € duration: 1201ms
[2021-05-15 21:35:41] [32minfo[39m: sell banker done duration: 2ms
[2021-05-15 21:35:41] [32minfo[39m: steigend seit 5 ticks, change: 0.0032%
[2021-05-15 21:35:41] [32minfo[39m: buy banker done duration: 2ms
[2021-05-15 21:35:41] [32minfo[39m: update - freeMoney: 100.13 € totalMoney: 100.13 € - freeCoin: 0 BTC totalCoin: 0 BTC - BTC/EUR 39002.79 € duration: 1219ms
[2021-05-15 21:35:51] [32minfo[39m: sell banker done duration: 1ms
[2021-05-15 21:35:51] [32minfo[39m: fallend seit 1 ticks, change: -0.0027%
[2021-05-15 21:35:51] [32minfo[39m: buy banker done duration: 1ms
[2021-05-15 21:35:51] [32minfo[39m: update - freeMoney: 100.13 € totalMoney: 100.13 € - freeCoin: 0 BTC totalCoin: 0 BTC - BTC/EUR 38898.12 € duration: 1190ms
[2021-05-15 21:36:01] [32minfo[39m: sell banker done duration: 0ms
[2021-05-15 21:36:01] [32minfo[39m: steigend seit 2 ticks, change: 0.0021%
[2021-05-15 21:36:01] [32minfo[39m: buy banker done duration: 1ms
[2021-05-15 21:36:01] [32minfo[39m: update - freeMoney: 100.13 € totalMoney: 100.13 € - freeCoin: 0 BTC totalCoin: 0 BTC - BTC/EUR 38978.99 € duration: 1202ms
[2021-05-15 21:36:11] [32minfo[39m: sell banker done duration: 1ms
[2021-05-15 21:36:11] [32minfo[39m: steigend seit 3 ticks, change: 0.0032%
[2021-05-15 21:36:11] [32minfo[39m: buy banker done duration: 2ms
[2021-05-15 21:36:11] [32minfo[39m: update - freeMoney: 100.13 € totalMoney: 100.13 € - freeCoin: 0 BTC totalCoin: 0 BTC - BTC/EUR 39023.11 € duration: 1199ms
[2021-05-15 21:36:21] [32minfo[39m: sell banker done duration: 2ms
[2021-05-15 21:36:21] [32minfo[39m: steigend seit 4 ticks, change: 0.0050%
[2021-05-15 21:36:21] [32minfo[39m: buy banker done duration: 1ms
[2021-05-15 21:36:21] [32minfo[39m: update - freeMoney: 100.13 € totalMoney: 100.13 € - freeCoin: 0 BTC totalCoin: 0 BTC - BTC/EUR 39092.25 € duration: 1194ms
[2021-05-15 21:36:31] [32minfo[39m: sell banker done duration: 1ms
[2021-05-15 21:36:31] [32minfo[39m: steigend seit 5 ticks, change: 0.0060%
[2021-05-15 21:36:31] [32minfo[39m: buy banker done duration: 1ms
[2021-05-15 21:36:31] [32minfo[39m: update - freeMoney: 100.13 € totalMoney: 100.13 € - freeCoin: 0 BTC totalCoin: 0 BTC - BTC/EUR 39132.23 € duration: 1179ms
[2021-05-15 21:36:41] [32minfo[39m: sell banker done duration: 1ms
[2021-05-15 21:36:41] [32minfo[39m: fallend seit 1 ticks, change: -0.0019%
[2021-05-15 21:36:41] [32minfo[39m: buy banker done duration: 1ms
[2021-05-15 21:36:41] [32minfo[39m: update - freeMoney: 100.13 € totalMoney: 100.13 € - freeCoin: 0 BTC totalCoin: 0 BTC - BTC/EUR 39058.14 € duration: 1195ms
[2021-05-15 21:36:51] [32minfo[39m: sell banker done duration: 1ms
[2021-05-15 21:36:51] [32minfo[39m: steigend seit 2 ticks, change: 0.0004%
[2021-05-15 21:36:51] [32minfo[39m: buy banker done duration: 2ms
[2021-05-15 21:36:51] [32minfo[39m: update - freeMoney: 100.13 € totalMoney: 100.13 € - freeCoin: 0 BTC totalCoin: 0 BTC - BTC/EUR 39072.79 € duration: 1219ms
[2021-05-15 21:37:01] [32minfo[39m: sell banker done duration: 1ms
[2021-05-15 21:37:01] [32minfo[39m: steigend seit 3 ticks, change: 0.0011%
[2021-05-15 21:37:01] [32minfo[39m: buy banker done duration: 2ms
[2021-05-15 21:37:01] [32minfo[39m: update - freeMoney: 100.13 € totalMoney: 100.13 € - freeCoin: 0 BTC totalCoin: 0 BTC - BTC/EUR 39099.74 € duration: 1183ms
[2021-05-15 21:37:11] [32minfo[39m: sell banker done duration: 1ms
[2021-05-15 21:37:11] [32minfo[39m: steigend seit 4 ticks, change: 0.0016%
[2021-05-15 21:37:11] [32minfo[39m: buy banker done duration: 1ms
[2021-05-15 21:37:11] [32minfo[39m: update - freeMoney: 100.13 € totalMoney: 100.13 € - freeCoin: 0 BTC totalCoin: 0 BTC - BTC/EUR 39119.92 € duration: 1182ms
[2021-05-15 21:37:21] [32minfo[39m: sell banker done duration: 1ms
[2021-05-15 21:37:21] [32minfo[39m: fallend seit 1 ticks, change: -0.0011%
[2021-05-15 21:37:21] [32minfo[39m: buy banker done duration: 1ms
[2021-05-15 21:37:21] [32minfo[39m: update - freeMoney: 100.13 € totalMoney: 100.13 € - freeCoin: 0 BTC totalCoin: 0 BTC - BTC/EUR 39077.69 € duration: 1213ms
[2021-05-15 21:37:31] [32minfo[39m: sell banker done duration: 1ms
[2021-05-15 21:37:31] [32minfo[39m: buy signal: state low triggered
[2021-05-15 21:37:31] [32minfo[39m: fallend seit 2 ticks, change: -0.0024%
[2021-05-15 21:37:31] [32minfo[39m: buy banker done duration: 2ms
[2021-05-15 21:37:31] [32minfo[39m: update - freeMoney: 100.13 € totalMoney: 100.13 € - freeCoin: 0 BTC totalCoin: 0 BTC - BTC/EUR 39027.54 € duration: 1209ms
[2021-05-15 21:37:41] [32minfo[39m: sell banker done duration: 1ms
[2021-05-15 21:37:41] [32minfo[39m: buy signal: state low triggered
[2021-05-15 21:37:41] [32minfo[39m: steigend seit 3 ticks, change: 0.0009%
[2021-05-15 21:37:41] [32minfo[39m: buy signal: BOOOOOOM! BUY SIGNAL!
[2021-05-15 21:37:41] [32minfo[39m: buy-signal: I WOULD HAVE BOUGHT THAT!
[2021-05-15 21:37:41] [32minfo[39m: buy banker done duration: 2ms
[2021-05-15 21:37:41] [32minfo[39m: update - freeMoney: 100.13 € totalMoney: 100.13 € - freeCoin: 0 BTC totalCoin: 0 BTC - BTC/EUR 39063.45 € duration: 1176ms
[2021-05-15 21:37:51] [32minfo[39m: sell banker done duration: 1ms
[2021-05-15 21:37:51] [32minfo[39m: buy signal: state low triggered
[2021-05-15 21:37:51] [32minfo[39m: steigend seit 4 ticks, change: 0.0014%
[2021-05-15 21:37:51] [32minfo[39m: buy signal: signal, but last buy too recent
[2021-05-15 21:37:51] [32minfo[39m: buy banker done duration: 1ms
[2021-05-15 21:37:51] [32minfo[39m: update - freeMoney: 100.13 € totalMoney: 100.13 € - freeCoin: 0 BTC totalCoin: 0 BTC - BTC/EUR 39084.11 € duration: 1181ms
[2021-05-15 21:38:01] [32minfo[39m: sell banker done duration: 2ms
[2021-05-15 21:38:01] [32minfo[39m: buy signal: state low triggered
[2021-05-15 21:38:01] [32minfo[39m: fallend seit 1 ticks, change: -0.0013%
[2021-05-15 21:38:01] [32minfo[39m: buy banker done duration: 1ms
[2021-05-15 21:38:01] [32minfo[39m: update - freeMoney: 100.13 € totalMoney: 100.13 € - freeCoin: 0 BTC totalCoin: 0 BTC - BTC/EUR 39031.54 € duration: 1181ms
[2021-05-15 21:38:11] [32minfo[39m: sell banker done duration: 1ms
[2021-05-15 21:38:11] [32minfo[39m: buy signal: state low triggered
[2021-05-15 21:38:11] [32minfo[39m: fallend seit 2 ticks, change: -0.0018%
[2021-05-15 21:38:11] [32minfo[39m: buy banker done duration: 1ms
[2021-05-15 21:38:11] [32minfo[39m: update - freeMoney: 100.13 € totalMoney: 100.13 € - freeCoin: 0 BTC totalCoin: 0 BTC - BTC/EUR 39012.54 € duration: 1181ms
[2021-05-15 21:38:21] [32minfo[39m: sell banker done duration: 1ms
[2021-05-15 21:38:21] [32minfo[39m: buy signal: state low triggered
[2021-05-15 21:38:21] [32minfo[39m: steigend seit 3 ticks, change: 0.0007%
[2021-05-15 21:38:21] [32minfo[39m: buy banker done duration: 2ms
[2021-05-15 21:38:21] [32minfo[39m: update - freeMoney: 100.13 € totalMoney: 100.13 € - freeCoin: 0 BTC totalCoin: 0 BTC - BTC/EUR 39039.28 € duration: 1190ms
[2021-05-15 21:38:31] [32minfo[39m: sell banker done duration: 1ms
[2021-05-15 21:38:31] [32minfo[39m: buy signal: state low triggered
[2021-05-15 21:38:31] [32minfo[39m: fallend seit 1 ticks, change: -0.0023%
[2021-05-15 21:38:31] [32minfo[39m: buy banker done duration: 2ms
[2021-05-15 21:38:31] [32minfo[39m: update - freeMoney: 100.13 € totalMoney: 100.13 € - freeCoin: 0 BTC totalCoin: 0 BTC - BTC/EUR 38949.88 € duration: 1180ms
[2021-05-15 21:38:41] [32minfo[39m: sell banker done duration: 2ms
[2021-05-15 21:38:41] [32minfo[39m: buy signal: state low triggered
[2021-05-15 21:38:41] [32minfo[39m: steigend seit 2 ticks, change: 0.0007%
[2021-05-15 21:38:41] [32minfo[39m: buy banker done duration: 2ms
[2021-05-15 21:38:41] [32minfo[39m: update - freeMoney: 100.13 € totalMoney: 100.13 € - freeCoin: 0 BTC totalCoin: 0 BTC - BTC/EUR 38977.25 € duration: 1213ms
[2021-05-15 21:38:51] [32minfo[39m: sell banker done duration: 1ms
[2021-05-15 21:38:51] [32minfo[39m: steigend seit 3 ticks, change: 0.0012%
[2021-05-15 21:38:51] [32minfo[39m: buy banker done duration: 1ms
[2021-05-15 21:38:51] [32minfo[39m: update - freeMoney: 100.13 € totalMoney: 100.13 € - freeCoin: 0 BTC totalCoin: 0 BTC - BTC/EUR 38997.06 € duration: 1199ms
[2021-05-15 21:39:01] [32minfo[39m: sell banker done duration: 1ms
[2021-05-15 21:39:01] [32minfo[39m: fallend seit 1 ticks, change: -0.0008%
[2021-05-15 21:39:01] [32minfo[39m: buy banker done duration: 1ms
[2021-05-15 21:39:01] [32minfo[39m: update - freeMoney: 100.13 € totalMoney: 100.13 € - freeCoin: 0 BTC totalCoin: 0 BTC - BTC/EUR 38964.88 € duration: 1219ms
[2021-05-15 21:39:11] [32minfo[39m: sell banker done duration: 1ms
[2021-05-15 21:39:11] [32minfo[39m: steigend seit 2 ticks, change: 0.0015%
[2021-05-15 21:39:11] [32minfo[39m: buy banker done duration: 1ms
[2021-05-15 21:39:11] [32minfo[39m: update - freeMoney: 100.13 € totalMoney: 100.13 € - freeCoin: 0 BTC totalCoin: 0 BTC - BTC/EUR 39021.52 € duration: 1171ms
[2021-05-15 21:39:21] [32minfo[39m: sell banker done duration: 1ms
[2021-05-15 21:39:21] [32minfo[39m: fallend seit 1 ticks, change: -0.0001%
[2021-05-15 21:39:21] [32minfo[39m: buy banker done duration: 1ms
[2021-05-15 21:39:21] [32minfo[39m: update - freeMoney: 100.13 € totalMoney: 100.13 € - freeCoin: 0 BTC totalCoin: 0 BTC - BTC/EUR 39018.84 € duration: 1187ms
[2021-05-15 21:39:31] [32minfo[39m: sell banker done duration: 1ms
[2021-05-15 21:39:31] [32minfo[39m: steigend seit 2 ticks, change: 0.0013%
[2021-05-15 21:39:31] [32minfo[39m: buy banker done duration: 2ms
[2021-05-15 21:39:31] [32minfo[39m: update - freeMoney: 100.13 € totalMoney: 100.13 € - freeCoin: 0 BTC totalCoin: 0 BTC - BTC/EUR 39068.31 € duration: 1195ms
[2021-05-15 21:39:41] [32minfo[39m: sell banker done duration: 1ms
[2021-05-15 21:39:41] [32minfo[39m: fallend seit 1 ticks, change: -0.0008%
[2021-05-15 21:39:41] [32minfo[39m: buy banker done duration: 2ms
[2021-05-15 21:39:41] [32minfo[39m: update - freeMoney: 100.13 € totalMoney: 100.13 € - freeCoin: 0 BTC totalCoin: 0 BTC - BTC/EUR 39035.4 € duration: 1173ms
[2021-05-15 21:39:51] [32minfo[39m: sell banker done duration: 1ms
[2021-05-15 21:39:51] [32minfo[39m: buy signal: state low triggered
[2021-05-15 21:39:51] [32minfo[39m: fallend seit 2 ticks, change: -0.0020%
[2021-05-15 21:39:51] [32minfo[39m: buy banker done duration: 3ms
[2021-05-15 21:39:51] [32minfo[39m: update - freeMoney: 100.13 € totalMoney: 100.13 € - freeCoin: 0 BTC totalCoin: 0 BTC - BTC/EUR 38990.68 € duration: 1177ms
[2021-05-15 21:40:01] [32minfo[39m: sell banker done duration: 1ms
[2021-05-15 21:40:01] [32minfo[39m: buy signal: state low triggered
[2021-05-15 21:40:01] [32minfo[39m: steigend seit 3 ticks, change: 0.0003%
[2021-05-15 21:40:01] [32minfo[39m: buy banker done duration: 2ms
[2021-05-15 21:40:01] [32minfo[39m: update - freeMoney: 100.13 € totalMoney: 100.13 € - freeCoin: 0 BTC totalCoin: 0 BTC - BTC/EUR 39003.49 € duration: 1203ms
[2021-05-15 21:40:11] [32minfo[39m: sell banker done duration: 1ms
[2021-05-15 21:40:11] [32minfo[39m: buy signal: state low triggered
[2021-05-15 21:40:11] [32minfo[39m: steigend seit 4 ticks, change: 0.0013%
[2021-05-15 21:40:11] [32minfo[39m: buy signal: signal, but last buy too recent
[2021-05-15 21:40:11] [32minfo[39m: buy banker done duration: 3ms
[2021-05-15 21:40:11] [32minfo[39m: update - freeMoney: 100.13 € totalMoney: 100.13 € - freeCoin: 0 BTC totalCoin: 0 BTC - BTC/EUR 39042.64 € duration: 1195ms
[2021-05-15 21:40:21] [32minfo[39m: sell banker done duration: 1ms
[2021-05-15 21:40:21] [32minfo[39m: buy signal: state low triggered
[2021-05-15 21:40:21] [32minfo[39m: fallend seit 1 ticks, change: -0.0007%
[2021-05-15 21:40:21] [32minfo[39m: buy banker done duration: 2ms
[2021-05-15 21:40:21] [32minfo[39m: update - freeMoney: 100.13 € totalMoney: 100.13 € - freeCoin: 0 BTC totalCoin: 0 BTC - BTC/EUR 39015.96 € duration: 1189ms
[2021-05-15 21:40:31] [32minfo[39m: sell banker done duration: 1ms
[2021-05-15 21:40:31] [32minfo[39m: steigend seit 2 ticks, change: 0.0009%
[2021-05-15 21:40:31] [32minfo[39m: buy banker done duration: 0ms
[2021-05-15 21:40:31] [32minfo[39m: update - freeMoney: 100.13 € totalMoney: 100.13 € - freeCoin: 0 BTC totalCoin: 0 BTC - BTC/EUR 39050.81 € duration: 1196ms
[2021-05-15 21:40:41] [32minfo[39m: sell banker done duration: 1ms
[2021-05-15 21:40:41] [32minfo[39m: steigend seit 3 ticks, change: 0.0022%
[2021-05-15 21:40:41] [32minfo[39m: buy banker done duration: 1ms
[2021-05-15 21:40:41] [32minfo[39m: update - freeMoney: 100.13 € totalMoney: 100.13 € - freeCoin: 0 BTC totalCoin: 0 BTC - BTC/EUR 39099.98 € duration: 1201ms
[2021-05-15 21:40:51] [32minfo[39m: sell banker done duration: 1ms
[2021-05-15 21:40:51] [32minfo[39m: fallend seit 1 ticks, change: -0.0013%
[2021-05-15 21:40:51] [32minfo[39m: buy banker done duration: 1ms
[2021-05-15 21:40:51] [32minfo[39m: update - freeMoney: 100.13 € totalMoney: 100.13 € - freeCoin: 0 BTC totalCoin: 0 BTC - BTC/EUR 39047.77 € duration: 1219ms
[2021-05-15 21:41:01] [32minfo[39m: sell banker done duration: 1ms
[2021-05-15 21:41:01] [32minfo[39m: buy signal: state low triggered
[2021-05-15 21:41:01] [32minfo[39m: fallend seit 2 ticks, change: -0.0015%
[2021-05-15 21:41:01] [32minfo[39m: buy banker done duration: 2ms
[2021-05-15 21:41:01] [32minfo[39m: update - freeMoney: 100.13 € totalMoney: 100.13 € - freeCoin: 0 BTC totalCoin: 0 BTC - BTC/EUR 39040.89 € duration: 1238ms
[2021-05-15 21:41:11] [32minfo[39m: sell banker done duration: 1ms
[2021-05-15 21:41:11] [32minfo[39m: buy signal: state low triggered
[2021-05-15 21:41:11] [32minfo[39m: fallend seit 3 ticks, change: -0.0022%
[2021-05-15 21:41:11] [32minfo[39m: buy banker done duration: 2ms
[2021-05-15 21:41:11] [32minfo[39m: update - freeMoney: 100.13 € totalMoney: 100.13 € - freeCoin: 0 BTC totalCoin: 0 BTC - BTC/EUR 39013.92 € duration: 1185ms
[2021-05-15 21:41:21] [32minfo[39m: sell banker done duration: 1ms
[2021-05-15 21:41:21] [32minfo[39m: buy signal: state low triggered
[2021-05-15 21:41:21] [32minfo[39m: steigend seit 4 ticks, change: 0.0009%
[2021-05-15 21:41:21] [32minfo[39m: buy signal: signal, but last buy too recent
[2021-05-15 21:41:21] [32minfo[39m: buy banker done duration: 3ms
[2021-05-15 21:41:21] [32minfo[39m: update - freeMoney: 100.13 € totalMoney: 100.13 € - freeCoin: 0 BTC totalCoin: 0 BTC - BTC/EUR 39049.22 € duration: 1226ms
[2021-05-15 21:41:31] [32minfo[39m: sell banker done duration: 1ms
[2021-05-15 21:41:31] [32minfo[39m: buy signal: state low triggered
[2021-05-15 21:41:31] [32minfo[39m: steigend seit 5 ticks, change: 0.0011%
[2021-05-15 21:41:31] [32minfo[39m: buy signal: signal, but last buy too recent
[2021-05-15 21:41:31] [32minfo[39m: buy banker done duration: 4ms
[2021-05-15 21:41:31] [32minfo[39m: update - freeMoney: 100.13 € totalMoney: 100.13 € - freeCoin: 0 BTC totalCoin: 0 BTC - BTC/EUR 39054.9 € duration: 1198ms
[2021-05-15 21:41:41] [32minfo[39m: sell banker done duration: 1ms
[2021-05-15 21:41:41] [32minfo[39m: buy signal: state low triggered
[2021-05-15 21:41:41] [32minfo[39m: fallend seit 1 ticks, change: -0.0010%
[2021-05-15 21:41:41] [32minfo[39m: buy banker done duration: 2ms
[2021-05-15 21:41:41] [32minfo[39m: update - freeMoney: 100.13 € totalMoney: 100.13 € - freeCoin: 0 BTC totalCoin: 0 BTC - BTC/EUR 39014.57 € duration: 1194ms
[2021-05-15 21:41:51] [32minfo[39m: sell banker done duration: 1ms
[2021-05-15 21:41:51] [32minfo[39m: steigend seit 2 ticks, change: 0.0018%
[2021-05-15 21:41:51] [32minfo[39m: buy banker done duration: 2ms
[2021-05-15 21:41:51] [32minfo[39m: update - freeMoney: 100.13 € totalMoney: 100.13 € - freeCoin: 0 BTC totalCoin: 0 BTC - BTC/EUR 39084.02 € duration: 1209ms
[2021-05-15 21:50:19] [32minfo[39m: 
  __  __                          ____       _       _            
 |  \/  | ___  _ __   ___ _   _  |  _ \ _ __(_)_ __ | |_ ___ _ __ 
 | |\/| |/ _ \| '_ \ / _ \ | | | | |_) | '__| | '_ \| __/ _ \ '__|
 | |  | | (_) | | | |  __/ |_| | |  __/| |  | | | | | ||  __/ |   
 |_|  |_|\___/|_| |_|\___|\__, | |_|   |_|  |_|_| |_|\__\___|_|   
                          |___/                                   
[2021-05-15 21:50:19] [32minfo[39m: version 1.0.0
[2021-05-15 21:50:19] [32minfo[39m: socket for visualization connected
[2021-05-15 21:50:21] [32minfo[39m: ✅ api online
[2021-05-15 21:50:22] [32minfo[39m: ✅ money for trading available (100.128395096041 €)
[2021-05-15 21:50:23] [32minfo[39m: ----- exchange data -----
[2021-05-15 21:50:23] [32minfo[39m: 
> money total      100.13 €
> money available  100.13 €
> coins total      0 BTC
> coins available  0 BTC
----------
> orders           2
> open orders      0
> closed orders    0
> canceled orders  0
[2021-05-15 21:50:23] [32minfo[39m: update interval: 10000ms
